2021-12-31 15:12:626 INFO  ManageDriver :30 - Launching Chrome Browser
2021-12-31 15:12:531 INFO  HomePage :23 - Clicking on SignInLink [[ChromeDriver: chrome on WINDOWS (f8ec2281c2f1467ae05922412fd99c5e)] -> xpath: //a[contains(text(),'Sign in')]]
2021-12-31 17:12:291 INFO  ManageDriver :30 - Launching Chrome Browser
2021-12-31 17:12:755 INFO  HomePage :23 - Clicking on SignInLink [[ChromeDriver: chrome on WINDOWS (1c76e520eb7b3a90802f4d2583eedb26)] -> xpath: //a[contains(text(),'Sign in')]]
2021-12-31 17:12:401 INFO  AuthPage :106 - Entering email to create account  [[ChromeDriver: chrome on WINDOWS (1c76e520eb7b3a90802f4d2583eedb26)] -> id: email_create]
2021-12-31 17:12:466 INFO  AuthPage :111 - Clicking on Create Account Button  [[ChromeDriver: chrome on WINDOWS (1c76e520eb7b3a90802f4d2583eedb26)] -> id: SubmitCreate]
2021-12-31 17:12:630 INFO  CreateAccountPage :80 - Selecting Tite [[ChromeDriver: chrome on WINDOWS (1c76e520eb7b3a90802f4d2583eedb26)] -> xpath: //div[@class='radio']]
2021-12-31 17:12:662 INFO  CreateAccountPage :82 - Entering First Name [[ChromeDriver: chrome on WINDOWS (1c76e520eb7b3a90802f4d2583eedb26)] -> id: customer_firstname]
2021-12-31 17:12:708 INFO  CreateAccountPage :84 - Entering Last Name [[ChromeDriver: chrome on WINDOWS (1c76e520eb7b3a90802f4d2583eedb26)] -> id: customer_lastname]
2021-12-31 17:12:751 INFO  CreateAccountPage :86 - Entering Password [[ChromeDriver: chrome on WINDOWS (1c76e520eb7b3a90802f4d2583eedb26)] -> id: passwd]
2021-12-31 17:12:796 INFO  CreateAccountPage :93 - Entering First Name for address [[ChromeDriver: chrome on WINDOWS (1c76e520eb7b3a90802f4d2583eedb26)] -> id: firstname]
2021-12-31 17:12:838 INFO  CreateAccountPage :95 - Entering Last Name for address [[ChromeDriver: chrome on WINDOWS (1c76e520eb7b3a90802f4d2583eedb26)] -> id: lastname]
2021-12-31 17:12:882 INFO  CreateAccountPage :97 - Entering address [[ChromeDriver: chrome on WINDOWS (1c76e520eb7b3a90802f4d2583eedb26)] -> id: address1]
2021-12-31 17:12:933 INFO  CreateAccountPage :99 - Entering City [[ChromeDriver: chrome on WINDOWS (1c76e520eb7b3a90802f4d2583eedb26)] -> id: city]
2021-12-31 17:12:973 INFO  CreateAccountPage :101 - Entering State [[ChromeDriver: chrome on WINDOWS (1c76e520eb7b3a90802f4d2583eedb26)] -> id: id_state]
2021-12-31 17:12:358 INFO  ManageDriver :30 - Launching Chrome Browser
2021-12-31 17:12:828 INFO  HomePage :23 - Clicking on SignInLink [[ChromeDriver: chrome on WINDOWS (53a2b5f71c69710c64a9294a7315dd59)] -> xpath: //a[contains(text(),'Sign in')]]
2021-12-31 17:12:888 INFO  AuthPage :106 - Entering email to create account  [[ChromeDriver: chrome on WINDOWS (53a2b5f71c69710c64a9294a7315dd59)] -> id: email_create]
2021-12-31 17:12:938 INFO  AuthPage :111 - Clicking on Create Account Button  [[ChromeDriver: chrome on WINDOWS (53a2b5f71c69710c64a9294a7315dd59)] -> id: SubmitCreate]
2021-12-31 17:12:41 INFO  CreateAccountPage :80 - Selecting Tite [[ChromeDriver: chrome on WINDOWS (53a2b5f71c69710c64a9294a7315dd59)] -> xpath: //div[@class='radio']]
2021-12-31 17:12:72 INFO  CreateAccountPage :82 - Entering First Name [[ChromeDriver: chrome on WINDOWS (53a2b5f71c69710c64a9294a7315dd59)] -> id: customer_firstname]
2021-12-31 17:12:115 INFO  CreateAccountPage :84 - Entering Last Name [[ChromeDriver: chrome on WINDOWS (53a2b5f71c69710c64a9294a7315dd59)] -> id: customer_lastname]
2021-12-31 17:12:160 INFO  CreateAccountPage :86 - Entering Password [[ChromeDriver: chrome on WINDOWS (53a2b5f71c69710c64a9294a7315dd59)] -> id: passwd]
2021-12-31 17:12:202 INFO  CreateAccountPage :93 - Entering First Name for address [[ChromeDriver: chrome on WINDOWS (53a2b5f71c69710c64a9294a7315dd59)] -> id: firstname]
2021-12-31 17:12:243 INFO  CreateAccountPage :95 - Entering Last Name for address [[ChromeDriver: chrome on WINDOWS (53a2b5f71c69710c64a9294a7315dd59)] -> id: lastname]
2021-12-31 17:12:300 INFO  CreateAccountPage :97 - Entering address [[ChromeDriver: chrome on WINDOWS (53a2b5f71c69710c64a9294a7315dd59)] -> id: address1]
2021-12-31 17:12:349 INFO  CreateAccountPage :99 - Entering City [[ChromeDriver: chrome on WINDOWS (53a2b5f71c69710c64a9294a7315dd59)] -> id: city]
2021-12-31 17:12:387 INFO  CreateAccountPage :101 - Entering State [[ChromeDriver: chrome on WINDOWS (53a2b5f71c69710c64a9294a7315dd59)] -> id: id_state]
2021-12-31 17:12:441 INFO  CreateAccountPage :103 - Entering Postal code [[ChromeDriver: chrome on WINDOWS (53a2b5f71c69710c64a9294a7315dd59)] -> id: postcode]
2021-12-31 17:12:486 INFO  CreateAccountPage :105 - Entering Mobile Phone [[ChromeDriver: chrome on WINDOWS (53a2b5f71c69710c64a9294a7315dd59)] -> id: phone_mobile]
2021-12-31 17:12:534 INFO  CreateAccountPage :110 - Clicking on Register button [[ChromeDriver: chrome on WINDOWS (53a2b5f71c69710c64a9294a7315dd59)] -> id: submitAccount]
2021-12-31 18:12:448 INFO  ManageDriver :30 - Launching Chrome Browser
2021-12-31 18:12:608 INFO  HomePage :23 - Clicking on SignInLink [[ChromeDriver: chrome on WINDOWS (229322c02f74d9a80827de3dd053cdf0)] -> xpath: //a[contains(text(),'Sign in')]]
2021-12-31 18:12:65 INFO  AuthPage :106 - Entering email to create account  [[ChromeDriver: chrome on WINDOWS (229322c02f74d9a80827de3dd053cdf0)] -> id: email_create]
2021-12-31 18:12:115 INFO  AuthPage :111 - Clicking on Create Account Button  [[ChromeDriver: chrome on WINDOWS (229322c02f74d9a80827de3dd053cdf0)] -> id: SubmitCreate]
2021-12-31 18:12:957 INFO  CreateAccountPage :80 - Selecting Tite [[ChromeDriver: chrome on WINDOWS (229322c02f74d9a80827de3dd053cdf0)] -> xpath: //div[@class='radio']]
2021-12-31 18:12:990 INFO  CreateAccountPage :82 - Entering First Name [[ChromeDriver: chrome on WINDOWS (229322c02f74d9a80827de3dd053cdf0)] -> id: customer_firstname]
2021-12-31 18:12:44 INFO  CreateAccountPage :84 - Entering Last Name [[ChromeDriver: chrome on WINDOWS (229322c02f74d9a80827de3dd053cdf0)] -> id: customer_lastname]
2021-12-31 18:12:89 INFO  CreateAccountPage :86 - Entering Password [[ChromeDriver: chrome on WINDOWS (229322c02f74d9a80827de3dd053cdf0)] -> id: passwd]
2021-12-31 18:12:134 INFO  CreateAccountPage :93 - Entering First Name for address [[ChromeDriver: chrome on WINDOWS (229322c02f74d9a80827de3dd053cdf0)] -> id: firstname]
2021-12-31 18:12:176 INFO  CreateAccountPage :95 - Entering Last Name for address [[ChromeDriver: chrome on WINDOWS (229322c02f74d9a80827de3dd053cdf0)] -> id: lastname]
2021-12-31 18:12:225 INFO  CreateAccountPage :97 - Entering address [[ChromeDriver: chrome on WINDOWS (229322c02f74d9a80827de3dd053cdf0)] -> id: address1]
2021-12-31 18:12:274 INFO  CreateAccountPage :99 - Entering City [[ChromeDriver: chrome on WINDOWS (229322c02f74d9a80827de3dd053cdf0)] -> id: city]
2021-12-31 18:12:317 INFO  CreateAccountPage :101 - Entering State [[ChromeDriver: chrome on WINDOWS (229322c02f74d9a80827de3dd053cdf0)] -> id: id_state]
2021-12-31 18:12:377 INFO  CreateAccountPage :103 - Entering Postal code [[ChromeDriver: chrome on WINDOWS (229322c02f74d9a80827de3dd053cdf0)] -> id: postcode]
2021-12-31 18:12:424 INFO  CreateAccountPage :105 - Entering Mobile Phone [[ChromeDriver: chrome on WINDOWS (229322c02f74d9a80827de3dd053cdf0)] -> id: phone_mobile]
2021-12-31 18:12:473 INFO  CreateAccountPage :110 - Clicking on Register button [[ChromeDriver: chrome on WINDOWS (229322c02f74d9a80827de3dd053cdf0)] -> id: submitAccount]
2021-12-31 18:12:809 INFO  ManageDriver :30 - Launching Chrome Browser
2021-12-31 18:12:326 INFO  HomePage :23 - Clicking on SignInLink [[ChromeDriver: chrome on WINDOWS (cb41b305bde26945237918407b439b59)] -> xpath: //a[contains(text(),'Sign in')]]
2021-12-31 18:12:864 INFO  AuthPage :76 - Entering email address [[ChromeDriver: chrome on WINDOWS (cb41b305bde26945237918407b439b59)] -> id: email]
2021-12-31 18:12:912 INFO  AuthPage :81 - Entering password [[ChromeDriver: chrome on WINDOWS (cb41b305bde26945237918407b439b59)] -> id: passwd]
2021-12-31 18:12:962 INFO  AuthPage :86 - Clicking on signIn Button [[ChromeDriver: chrome on WINDOWS (cb41b305bde26945237918407b439b59)] -> id: SubmitLogin]
2021-12-31 18:12:118 INFO  ManageDriver :30 - Launching Chrome Browser
2021-12-31 18:12:381 INFO  HomePage :23 - Clicking on SignInLink [[ChromeDriver: chrome on WINDOWS (60b7a5d6bb2217c0a2416270065f040d)] -> xpath: //a[contains(text(),'Sign in')]]
2021-12-31 18:12:303 INFO  AuthPage :106 - Entering email to create account  [[ChromeDriver: chrome on WINDOWS (60b7a5d6bb2217c0a2416270065f040d)] -> id: email_create]
2021-12-31 18:12:410 INFO  AuthPage :111 - Clicking on Create Account Button  [[ChromeDriver: chrome on WINDOWS (60b7a5d6bb2217c0a2416270065f040d)] -> id: SubmitCreate]
2021-12-31 18:12:770 INFO  CreateAccountPage :80 - Selecting Tite [[ChromeDriver: chrome on WINDOWS (60b7a5d6bb2217c0a2416270065f040d)] -> xpath: //div[@class='radio']]
2021-12-31 18:12:840 INFO  CreateAccountPage :82 - Entering First Name [[ChromeDriver: chrome on WINDOWS (60b7a5d6bb2217c0a2416270065f040d)] -> id: customer_firstname]
2021-12-31 18:12:945 INFO  CreateAccountPage :84 - Entering Last Name [[ChromeDriver: chrome on WINDOWS (60b7a5d6bb2217c0a2416270065f040d)] -> id: customer_lastname]
2021-12-31 18:12:48 INFO  CreateAccountPage :86 - Entering Password [[ChromeDriver: chrome on WINDOWS (60b7a5d6bb2217c0a2416270065f040d)] -> id: passwd]
2021-12-31 18:12:140 INFO  CreateAccountPage :93 - Entering First Name for address [[ChromeDriver: chrome on WINDOWS (60b7a5d6bb2217c0a2416270065f040d)] -> id: firstname]
2021-12-31 18:12:229 INFO  CreateAccountPage :95 - Entering Last Name for address [[ChromeDriver: chrome on WINDOWS (60b7a5d6bb2217c0a2416270065f040d)] -> id: lastname]
2021-12-31 18:12:323 INFO  CreateAccountPage :97 - Entering address [[ChromeDriver: chrome on WINDOWS (60b7a5d6bb2217c0a2416270065f040d)] -> id: address1]
2021-12-31 18:12:434 INFO  CreateAccountPage :99 - Entering City [[ChromeDriver: chrome on WINDOWS (60b7a5d6bb2217c0a2416270065f040d)] -> id: city]
2021-12-31 18:12:526 INFO  CreateAccountPage :101 - Entering State [[ChromeDriver: chrome on WINDOWS (60b7a5d6bb2217c0a2416270065f040d)] -> id: id_state]
2021-12-31 18:12:635 INFO  CreateAccountPage :103 - Entering Postal code [[ChromeDriver: chrome on WINDOWS (60b7a5d6bb2217c0a2416270065f040d)] -> id: postcode]
2021-12-31 18:12:733 INFO  CreateAccountPage :105 - Entering Mobile Phone [[ChromeDriver: chrome on WINDOWS (60b7a5d6bb2217c0a2416270065f040d)] -> id: phone_mobile]
2021-12-31 18:12:822 INFO  CreateAccountPage :110 - Clicking on Register button [[ChromeDriver: chrome on WINDOWS (60b7a5d6bb2217c0a2416270065f040d)] -> id: submitAccount]
2021-12-31 18:12:177 INFO  ManageDriver :30 - Launching Chrome Browser
2021-12-31 18:12:451 INFO  HomePage :23 - Clicking on SignInLink [[ChromeDriver: chrome on WINDOWS (bb72c44e36e68c6981ce7122458811e1)] -> xpath: //a[contains(text(),'Sign in')]]
2021-12-31 18:12:513 INFO  AuthPage :76 - Entering email address [[ChromeDriver: chrome on WINDOWS (bb72c44e36e68c6981ce7122458811e1)] -> id: email]
2021-12-31 18:12:606 INFO  AuthPage :81 - Entering password [[ChromeDriver: chrome on WINDOWS (bb72c44e36e68c6981ce7122458811e1)] -> id: passwd]
2021-12-31 18:12:713 INFO  AuthPage :86 - Clicking on signIn Button [[ChromeDriver: chrome on WINDOWS (bb72c44e36e68c6981ce7122458811e1)] -> id: SubmitLogin]
2021-12-31 18:12:156 INFO  ManageDriver :30 - Launching Chrome Browser
2021-12-31 18:12:645 INFO  HomePage :23 - Clicking on SignInLink [[ChromeDriver: chrome on WINDOWS (0921fbdd680e864043de7f68f5b0cb7f)] -> xpath: //a[contains(text(),'Sign in')]]
2021-12-31 18:12:537 INFO  AuthPage :106 - Entering email to create account  [[ChromeDriver: chrome on WINDOWS (0921fbdd680e864043de7f68f5b0cb7f)] -> id: email_create]
2021-12-31 18:12:638 INFO  AuthPage :111 - Clicking on Create Account Button  [[ChromeDriver: chrome on WINDOWS (0921fbdd680e864043de7f68f5b0cb7f)] -> id: SubmitCreate]
2021-12-31 18:12:949 INFO  CreateAccountPage :80 - Selecting Tite [[ChromeDriver: chrome on WINDOWS (0921fbdd680e864043de7f68f5b0cb7f)] -> xpath: //div[@class='radio']]
2021-12-31 18:12:35 INFO  CreateAccountPage :82 - Entering First Name [[ChromeDriver: chrome on WINDOWS (0921fbdd680e864043de7f68f5b0cb7f)] -> id: customer_firstname]
2021-12-31 18:12:156 INFO  CreateAccountPage :84 - Entering Last Name [[ChromeDriver: chrome on WINDOWS (0921fbdd680e864043de7f68f5b0cb7f)] -> id: customer_lastname]
2021-12-31 18:12:265 INFO  CreateAccountPage :86 - Entering Password [[ChromeDriver: chrome on WINDOWS (0921fbdd680e864043de7f68f5b0cb7f)] -> id: passwd]
2021-12-31 18:12:353 INFO  CreateAccountPage :93 - Entering First Name for address [[ChromeDriver: chrome on WINDOWS (0921fbdd680e864043de7f68f5b0cb7f)] -> id: firstname]
2021-12-31 18:12:432 INFO  CreateAccountPage :95 - Entering Last Name for address [[ChromeDriver: chrome on WINDOWS (0921fbdd680e864043de7f68f5b0cb7f)] -> id: lastname]
2021-12-31 18:12:511 INFO  CreateAccountPage :97 - Entering address [[ChromeDriver: chrome on WINDOWS (0921fbdd680e864043de7f68f5b0cb7f)] -> id: address1]
2021-12-31 18:12:635 INFO  CreateAccountPage :99 - Entering City [[ChromeDriver: chrome on WINDOWS (0921fbdd680e864043de7f68f5b0cb7f)] -> id: city]
2021-12-31 18:12:748 INFO  CreateAccountPage :101 - Entering State [[ChromeDriver: chrome on WINDOWS (0921fbdd680e864043de7f68f5b0cb7f)] -> id: id_state]
2021-12-31 18:12:860 INFO  CreateAccountPage :103 - Entering Postal code [[ChromeDriver: chrome on WINDOWS (0921fbdd680e864043de7f68f5b0cb7f)] -> id: postcode]
2021-12-31 18:12:947 INFO  CreateAccountPage :105 - Entering Mobile Phone [[ChromeDriver: chrome on WINDOWS (0921fbdd680e864043de7f68f5b0cb7f)] -> id: phone_mobile]
2021-12-31 18:12:51 INFO  CreateAccountPage :110 - Clicking on Register button [[ChromeDriver: chrome on WINDOWS (0921fbdd680e864043de7f68f5b0cb7f)] -> id: submitAccount]
2021-12-31 18:12:437 INFO  ManageDriver :30 - Launching Chrome Browser
2021-12-31 18:12:65 INFO  HomePage :23 - Clicking on SignInLink [[ChromeDriver: chrome on WINDOWS (7a4ccd91e2d097ce1d8fe185f51e9127)] -> xpath: //a[contains(text(),'Sign in')]]
2021-12-31 18:12:24 INFO  AuthPage :76 - Entering email address [[ChromeDriver: chrome on WINDOWS (7a4ccd91e2d097ce1d8fe185f51e9127)] -> id: email]
2021-12-31 18:12:135 INFO  AuthPage :81 - Entering password [[ChromeDriver: chrome on WINDOWS (7a4ccd91e2d097ce1d8fe185f51e9127)] -> id: passwd]
2021-12-31 18:12:235 INFO  AuthPage :86 - Clicking on signIn Button [[ChromeDriver: chrome on WINDOWS (7a4ccd91e2d097ce1d8fe185f51e9127)] -> id: SubmitLogin]
2021-12-31 18:12:551 INFO  ManageDriver :30 - Launching Chrome Browser
2021-12-31 18:12:230 INFO  HomePage :23 - Clicking on SignInLink [[ChromeDriver: chrome on WINDOWS (afc2c227d498377a83e6b9d67d5f2e06)] -> xpath: //a[contains(text(),'Sign in')]]
2021-12-31 18:12:65 INFO  AuthPage :106 - Entering email to create account  [[ChromeDriver: chrome on WINDOWS (afc2c227d498377a83e6b9d67d5f2e06)] -> id: email_create]
2021-12-31 18:12:155 INFO  AuthPage :111 - Clicking on Create Account Button  [[ChromeDriver: chrome on WINDOWS (afc2c227d498377a83e6b9d67d5f2e06)] -> id: SubmitCreate]
2021-12-31 18:12:606 INFO  CreateAccountPage :80 - Selecting Tite [[ChromeDriver: chrome on WINDOWS (afc2c227d498377a83e6b9d67d5f2e06)] -> xpath: //div[@class='radio']]
2021-12-31 18:12:687 INFO  CreateAccountPage :82 - Entering First Name [[ChromeDriver: chrome on WINDOWS (afc2c227d498377a83e6b9d67d5f2e06)] -> id: customer_firstname]
2021-12-31 18:12:794 INFO  CreateAccountPage :84 - Entering Last Name [[ChromeDriver: chrome on WINDOWS (afc2c227d498377a83e6b9d67d5f2e06)] -> id: customer_lastname]
2021-12-31 18:12:893 INFO  CreateAccountPage :86 - Entering Password [[ChromeDriver: chrome on WINDOWS (afc2c227d498377a83e6b9d67d5f2e06)] -> id: passwd]
2021-12-31 18:12:990 INFO  CreateAccountPage :93 - Entering First Name for address [[ChromeDriver: chrome on WINDOWS (afc2c227d498377a83e6b9d67d5f2e06)] -> id: firstname]
2021-12-31 18:12:84 INFO  CreateAccountPage :95 - Entering Last Name for address [[ChromeDriver: chrome on WINDOWS (afc2c227d498377a83e6b9d67d5f2e06)] -> id: lastname]
2021-12-31 18:12:182 INFO  CreateAccountPage :97 - Entering address [[ChromeDriver: chrome on WINDOWS (afc2c227d498377a83e6b9d67d5f2e06)] -> id: address1]
2021-12-31 18:12:290 INFO  CreateAccountPage :99 - Entering City [[ChromeDriver: chrome on WINDOWS (afc2c227d498377a83e6b9d67d5f2e06)] -> id: city]
2021-12-31 18:12:357 INFO  CreateAccountPage :101 - Entering State [[ChromeDriver: chrome on WINDOWS (afc2c227d498377a83e6b9d67d5f2e06)] -> id: id_state]
2021-12-31 18:12:497 INFO  CreateAccountPage :103 - Entering Postal code [[ChromeDriver: chrome on WINDOWS (afc2c227d498377a83e6b9d67d5f2e06)] -> id: postcode]
2021-12-31 18:12:579 INFO  CreateAccountPage :105 - Entering Mobile Phone [[ChromeDriver: chrome on WINDOWS (afc2c227d498377a83e6b9d67d5f2e06)] -> id: phone_mobile]
2021-12-31 18:12:674 INFO  CreateAccountPage :110 - Clicking on Register button [[ChromeDriver: chrome on WINDOWS (afc2c227d498377a83e6b9d67d5f2e06)] -> id: submitAccount]
2021-12-31 18:12:241 INFO  ManageDriver :30 - Launching Chrome Browser
2021-12-31 18:12:740 INFO  HomePage :23 - Clicking on SignInLink [[ChromeDriver: chrome on WINDOWS (4761c410291ff8b048a55c9b84116fee)] -> xpath: //a[contains(text(),'Sign in')]]
2021-12-31 18:12:548 INFO  AuthPage :76 - Entering email address [[ChromeDriver: chrome on WINDOWS (4761c410291ff8b048a55c9b84116fee)] -> id: email]
2021-12-31 18:12:676 INFO  AuthPage :81 - Entering password [[ChromeDriver: chrome on WINDOWS (4761c410291ff8b048a55c9b84116fee)] -> id: passwd]
2021-12-31 18:12:791 INFO  AuthPage :86 - Clicking on signIn Button [[ChromeDriver: chrome on WINDOWS (4761c410291ff8b048a55c9b84116fee)] -> id: SubmitLogin]
2021-12-31 18:12:149 INFO  ManageDriver :30 - Launching Chrome Browser
2021-12-31 18:12:306 INFO  HomePage :23 - Clicking on SignInLink [[ChromeDriver: chrome on WINDOWS (627f184afe4d54b231490a9c9f447e91)] -> xpath: //a[contains(text(),'Sign in')]]
2021-12-31 18:12:957 INFO  AuthPage :76 - Entering email address [[ChromeDriver: chrome on WINDOWS (627f184afe4d54b231490a9c9f447e91)] -> id: email]
2021-12-31 18:12:41 INFO  AuthPage :81 - Entering password [[ChromeDriver: chrome on WINDOWS (627f184afe4d54b231490a9c9f447e91)] -> id: passwd]
2021-12-31 18:12:94 INFO  AuthPage :86 - Clicking on signIn Button [[ChromeDriver: chrome on WINDOWS (627f184afe4d54b231490a9c9f447e91)] -> id: SubmitLogin]
2021-12-31 18:12:194 INFO  ManageDriver :30 - Launching Chrome Browser
2021-12-31 18:12:144 INFO  HomePage :23 - Clicking on SignInLink [[ChromeDriver: chrome on WINDOWS (9da0001e920b925e0b2c3d97aae413fc)] -> xpath: //a[contains(text(),'Sign in')]]
2021-12-31 18:12:663 INFO  AuthPage :106 - Entering email to create account  [[ChromeDriver: chrome on WINDOWS (9da0001e920b925e0b2c3d97aae413fc)] -> id: email_create]
2021-12-31 18:12:718 INFO  AuthPage :111 - Clicking on Create Account Button  [[ChromeDriver: chrome on WINDOWS (9da0001e920b925e0b2c3d97aae413fc)] -> id: SubmitCreate]
2021-12-31 18:12:113 INFO  CreateAccountPage :80 - Selecting Tite [[ChromeDriver: chrome on WINDOWS (9da0001e920b925e0b2c3d97aae413fc)] -> xpath: //div[@class='radio']]
2021-12-31 18:12:167 INFO  CreateAccountPage :82 - Entering First Name [[ChromeDriver: chrome on WINDOWS (9da0001e920b925e0b2c3d97aae413fc)] -> id: customer_firstname]
2021-12-31 18:12:234 INFO  CreateAccountPage :84 - Entering Last Name [[ChromeDriver: chrome on WINDOWS (9da0001e920b925e0b2c3d97aae413fc)] -> id: customer_lastname]
2021-12-31 18:12:282 INFO  CreateAccountPage :86 - Entering Password [[ChromeDriver: chrome on WINDOWS (9da0001e920b925e0b2c3d97aae413fc)] -> id: passwd]
2021-12-31 18:12:365 INFO  CreateAccountPage :93 - Entering First Name for address [[ChromeDriver: chrome on WINDOWS (9da0001e920b925e0b2c3d97aae413fc)] -> id: firstname]
2021-12-31 18:12:408 INFO  CreateAccountPage :95 - Entering Last Name for address [[ChromeDriver: chrome on WINDOWS (9da0001e920b925e0b2c3d97aae413fc)] -> id: lastname]
2021-12-31 18:12:453 INFO  CreateAccountPage :97 - Entering address [[ChromeDriver: chrome on WINDOWS (9da0001e920b925e0b2c3d97aae413fc)] -> id: address1]
2021-12-31 18:12:545 INFO  CreateAccountPage :99 - Entering City [[ChromeDriver: chrome on WINDOWS (9da0001e920b925e0b2c3d97aae413fc)] -> id: city]
2021-12-31 18:12:593 INFO  CreateAccountPage :101 - Entering State [[ChromeDriver: chrome on WINDOWS (9da0001e920b925e0b2c3d97aae413fc)] -> id: id_state]
2021-12-31 18:12:668 INFO  CreateAccountPage :103 - Entering Postal code [[ChromeDriver: chrome on WINDOWS (9da0001e920b925e0b2c3d97aae413fc)] -> id: postcode]
2021-12-31 18:12:722 INFO  CreateAccountPage :105 - Entering Mobile Phone [[ChromeDriver: chrome on WINDOWS (9da0001e920b925e0b2c3d97aae413fc)] -> id: phone_mobile]
2021-12-31 18:12:801 INFO  CreateAccountPage :110 - Clicking on Register button [[ChromeDriver: chrome on WINDOWS (9da0001e920b925e0b2c3d97aae413fc)] -> id: submitAccount]
2021-12-31 18:12:192 INFO  ManageDriver :30 - Launching Chrome Browser
2021-12-31 18:12:472 INFO  HomePage :23 - Clicking on SignInLink [[ChromeDriver: chrome on WINDOWS (8a04649fdd1f5cb333d17de00dee28ff)] -> xpath: //a[contains(text(),'Sign in')]]
2021-12-31 18:12:312 INFO  AuthPage :76 - Entering email address [[ChromeDriver: chrome on WINDOWS (8a04649fdd1f5cb333d17de00dee28ff)] -> id: email]
2021-12-31 18:12:407 INFO  AuthPage :81 - Entering password [[ChromeDriver: chrome on WINDOWS (8a04649fdd1f5cb333d17de00dee28ff)] -> id: passwd]
2021-12-31 18:12:483 INFO  AuthPage :86 - Clicking on signIn Button [[ChromeDriver: chrome on WINDOWS (8a04649fdd1f5cb333d17de00dee28ff)] -> id: SubmitLogin]
2021-12-31 18:12:50 INFO  MyAccountPage :35 - Verify My Address  : 10 Downing drive[[ChromeDriver: chrome on WINDOWS (8a04649fdd1f5cb333d17de00dee28ff)] -> xpath: //ul[@class='last_item item box']]<br>
2021-12-31 20:12:529 INFO  ManageDriver :30 - Launching Chrome Browser
2022-01-01 09:01:802 INFO  ManageDriver :30 - Launching Chrome Browser
2022-01-01 09:01:279 INFO  HomePage :78 - Clicking on SignInLink [[ChromeDriver: chrome on WINDOWS (1ba27ac9703afe97254aac922c5b2290)] -> xpath: //a[contains(text(),'Sign in')]]
2022-01-01 09:01:872 INFO  AuthPage :106 - Entering email to create account  [[ChromeDriver: chrome on WINDOWS (1ba27ac9703afe97254aac922c5b2290)] -> id: email_create]
2022-01-01 09:01:969 INFO  AuthPage :111 - Clicking on Create Account Button  [[ChromeDriver: chrome on WINDOWS (1ba27ac9703afe97254aac922c5b2290)] -> id: SubmitCreate]
2022-01-01 09:01:444 INFO  CreateAccountPage :80 - Selecting Tite [[ChromeDriver: chrome on WINDOWS (1ba27ac9703afe97254aac922c5b2290)] -> xpath: //div[@class='radio']]
2022-01-01 09:01:510 INFO  CreateAccountPage :82 - Entering First Name [[ChromeDriver: chrome on WINDOWS (1ba27ac9703afe97254aac922c5b2290)] -> id: customer_firstname]
2022-01-01 09:01:603 INFO  CreateAccountPage :84 - Entering Last Name [[ChromeDriver: chrome on WINDOWS (1ba27ac9703afe97254aac922c5b2290)] -> id: customer_lastname]
2022-01-01 09:01:686 INFO  CreateAccountPage :86 - Entering Password [[ChromeDriver: chrome on WINDOWS (1ba27ac9703afe97254aac922c5b2290)] -> id: passwd]
2022-01-01 09:01:780 INFO  CreateAccountPage :93 - Entering First Name for address [[ChromeDriver: chrome on WINDOWS (1ba27ac9703afe97254aac922c5b2290)] -> id: firstname]
2022-01-01 09:01:862 INFO  CreateAccountPage :95 - Entering Last Name for address [[ChromeDriver: chrome on WINDOWS (1ba27ac9703afe97254aac922c5b2290)] -> id: lastname]
2022-01-01 09:01:950 INFO  CreateAccountPage :97 - Entering address [[ChromeDriver: chrome on WINDOWS (1ba27ac9703afe97254aac922c5b2290)] -> id: address1]
2022-01-01 09:01:32 INFO  CreateAccountPage :99 - Entering City [[ChromeDriver: chrome on WINDOWS (1ba27ac9703afe97254aac922c5b2290)] -> id: city]
2022-01-01 09:01:107 INFO  CreateAccountPage :101 - Entering State [[ChromeDriver: chrome on WINDOWS (1ba27ac9703afe97254aac922c5b2290)] -> id: id_state]
2022-01-01 09:01:220 INFO  CreateAccountPage :103 - Entering Postal code [[ChromeDriver: chrome on WINDOWS (1ba27ac9703afe97254aac922c5b2290)] -> id: postcode]
2022-01-01 09:01:306 INFO  CreateAccountPage :105 - Entering Mobile Phone [[ChromeDriver: chrome on WINDOWS (1ba27ac9703afe97254aac922c5b2290)] -> id: phone_mobile]
2022-01-01 09:01:405 INFO  CreateAccountPage :110 - Clicking on Register button [[ChromeDriver: chrome on WINDOWS (1ba27ac9703afe97254aac922c5b2290)] -> id: submitAccount]
2022-01-01 09:01:133 INFO  ManageDriver :30 - Launching Chrome Browser
2022-01-01 09:01:662 INFO  ManageDriver :30 - Launching Chrome Browser
2022-01-01 09:01:715 INFO  HomePage :78 - Clicking on SignInLink [[ChromeDriver: chrome on WINDOWS (66caa139c81b163946906f6705a966f4)] -> xpath: //a[contains(text(),'Sign in')]]
2022-01-01 09:01:527 INFO  AuthPage :106 - Entering email to create account  [[ChromeDriver: chrome on WINDOWS (66caa139c81b163946906f6705a966f4)] -> id: email_create]
2022-01-01 09:01:602 INFO  AuthPage :111 - Clicking on Create Account Button  [[ChromeDriver: chrome on WINDOWS (66caa139c81b163946906f6705a966f4)] -> id: SubmitCreate]
2022-01-01 09:01:302 INFO  CreateAccountPage :80 - Selecting Tite [[ChromeDriver: chrome on WINDOWS (66caa139c81b163946906f6705a966f4)] -> xpath: //div[@class='radio']]
2022-01-01 09:01:353 INFO  CreateAccountPage :82 - Entering First Name [[ChromeDriver: chrome on WINDOWS (66caa139c81b163946906f6705a966f4)] -> id: customer_firstname]
2022-01-01 09:01:427 INFO  CreateAccountPage :84 - Entering Last Name [[ChromeDriver: chrome on WINDOWS (66caa139c81b163946906f6705a966f4)] -> id: customer_lastname]
2022-01-01 09:01:496 INFO  CreateAccountPage :86 - Entering Password [[ChromeDriver: chrome on WINDOWS (66caa139c81b163946906f6705a966f4)] -> id: passwd]
2022-01-01 09:01:568 INFO  CreateAccountPage :93 - Entering First Name for address [[ChromeDriver: chrome on WINDOWS (66caa139c81b163946906f6705a966f4)] -> id: firstname]
2022-01-01 09:01:633 INFO  CreateAccountPage :95 - Entering Last Name for address [[ChromeDriver: chrome on WINDOWS (66caa139c81b163946906f6705a966f4)] -> id: lastname]
2022-01-01 09:01:727 INFO  CreateAccountPage :97 - Entering address [[ChromeDriver: chrome on WINDOWS (66caa139c81b163946906f6705a966f4)] -> id: address1]
2022-01-01 09:01:809 INFO  CreateAccountPage :99 - Entering City [[ChromeDriver: chrome on WINDOWS (66caa139c81b163946906f6705a966f4)] -> id: city]
2022-01-01 09:01:867 INFO  CreateAccountPage :101 - Entering State [[ChromeDriver: chrome on WINDOWS (66caa139c81b163946906f6705a966f4)] -> id: id_state]
2022-01-01 09:01:948 INFO  CreateAccountPage :103 - Entering Postal code [[ChromeDriver: chrome on WINDOWS (66caa139c81b163946906f6705a966f4)] -> id: postcode]
2022-01-01 09:01:06 INFO  CreateAccountPage :105 - Entering Mobile Phone [[ChromeDriver: chrome on WINDOWS (66caa139c81b163946906f6705a966f4)] -> id: phone_mobile]
2022-01-01 09:01:78 INFO  CreateAccountPage :110 - Clicking on Register button [[ChromeDriver: chrome on WINDOWS (66caa139c81b163946906f6705a966f4)] -> id: submitAccount]
2022-01-01 09:01:140 INFO  ManageDriver :30 - Launching Chrome Browser
2022-01-01 09:01:392 INFO  HomePage :78 - Clicking on SignInLink [[ChromeDriver: chrome on WINDOWS (2edf0104655e28cd863b133d2b9b73a9)] -> xpath: //a[contains(text(),'Sign in')]]
2022-01-01 09:01:223 INFO  AuthPage :76 - Entering email address [[ChromeDriver: chrome on WINDOWS (2edf0104655e28cd863b133d2b9b73a9)] -> id: email]
2022-01-01 09:01:305 INFO  AuthPage :81 - Entering password [[ChromeDriver: chrome on WINDOWS (2edf0104655e28cd863b133d2b9b73a9)] -> id: passwd]
2022-01-01 09:01:370 INFO  AuthPage :86 - Clicking on signIn Button [[ChromeDriver: chrome on WINDOWS (2edf0104655e28cd863b133d2b9b73a9)] -> id: SubmitLogin]
2022-01-01 09:01:26 INFO  MyAccountPage :35 - Verify My Address  : 10 Downing drive[[ChromeDriver: chrome on WINDOWS (2edf0104655e28cd863b133d2b9b73a9)] -> xpath: //ul[@class='last_item item box']]<br>
2022-01-01 09:01:657 INFO  ManageDriver :30 - Launching Chrome Browser
2022-01-01 09:01:342 INFO  HomePage :78 - Clicking on SignInLink [[ChromeDriver: chrome on WINDOWS (336496da9cb9f9c1cd23a6187df7304d)] -> xpath: //a[contains(text(),'Sign in')]]
2022-01-01 09:01:190 INFO  AuthPage :76 - Entering email address [[ChromeDriver: chrome on WINDOWS (336496da9cb9f9c1cd23a6187df7304d)] -> id: email]
2022-01-01 09:01:292 INFO  AuthPage :81 - Entering password [[ChromeDriver: chrome on WINDOWS (336496da9cb9f9c1cd23a6187df7304d)] -> id: passwd]
2022-01-01 09:01:359 INFO  AuthPage :86 - Clicking on signIn Button [[ChromeDriver: chrome on WINDOWS (336496da9cb9f9c1cd23a6187df7304d)] -> id: SubmitLogin]
2022-01-01 09:01:494 INFO  ProductPage :96 - Select Item from main menu : DRESSES<br>
2022-01-01 09:01:933 INFO  ProductPage :106 - Select Item from sub menu : CASUAL DRESSES<br>
2022-01-01 09:01:239 INFO  ProductPage :96 - Select Item from main menu : WOMEN<br>
2022-01-01 09:01:248 INFO  ProductPage :106 - Select Item from sub menu : TOPS<br>
2022-01-01 09:01:669 INFO  ShoppingCartPage :85 - Click Proceed to checkout btn : [[ChromeDriver: chrome on WINDOWS (336496da9cb9f9c1cd23a6187df7304d)] -> xpath: //span[text()='Proceed to checkout']]<br>
2022-01-01 09:01:187 INFO  ShoppingCartPage :110 - Click Proceed to checkout btn on Address Page: [[ChromeDriver: chrome on WINDOWS (336496da9cb9f9c1cd23a6187df7304d)] -> xpath: //span[text()='Proceed to checkout']]<br>
2022-01-01 09:01:281 INFO  ShoppingCartPage :90 - Click on Select Terms box : [[ChromeDriver: chrome on WINDOWS (336496da9cb9f9c1cd23a6187df7304d)] -> id: cgv]<br>
2022-01-01 09:01:531 INFO  ShoppingCartPage :95 - Click Proceed to checkout btn on Shipping Page: [[ChromeDriver: chrome on WINDOWS (336496da9cb9f9c1cd23a6187df7304d)] -> xpath: //button[@name='processCarrier']//span[contains(text(),'Proceed to checkout')]]<br>
2022-01-01 09:01:637 INFO  ShoppingCartPage :100 - Click on Pay by Check method: [[ChromeDriver: chrome on WINDOWS (336496da9cb9f9c1cd23a6187df7304d)] -> xpath: //a[@title='Pay by check.']]<br>
2022-01-01 09:01:605 INFO  ShoppingCartPage :105 - Click to Confirm Order btn : [[ChromeDriver: chrome on WINDOWS (336496da9cb9f9c1cd23a6187df7304d)] -> xpath: //span[normalize-space()='I confirm my order']]<br>
2022-01-01 09:01:645 INFO  ShoppingCartPage :115 - verifying Payment Method text : Your order on My Store is complete.<br>
2022-01-01 09:01:295 INFO  ManageDriver :30 - Launching Chrome Browser
2022-01-01 09:01:586 INFO  HomePage :78 - Clicking on SignInLink [[ChromeDriver: chrome on WINDOWS (9c2ddfb7244de8302d826816e0734afb)] -> xpath: //a[contains(text(),'Sign in')]]
2022-01-01 09:01:413 INFO  AuthPage :76 - Entering email address [[ChromeDriver: chrome on WINDOWS (9c2ddfb7244de8302d826816e0734afb)] -> id: email]
2022-01-01 09:01:502 INFO  AuthPage :81 - Entering password [[ChromeDriver: chrome on WINDOWS (9c2ddfb7244de8302d826816e0734afb)] -> id: passwd]
2022-01-01 09:01:572 INFO  AuthPage :86 - Clicking on signIn Button [[ChromeDriver: chrome on WINDOWS (9c2ddfb7244de8302d826816e0734afb)] -> id: SubmitLogin]
2022-01-01 09:01:414 INFO  HomePage :94 - Clicking on ContactUs Link : [[ChromeDriver: chrome on WINDOWS (9c2ddfb7244de8302d826816e0734afb)] -> xpath: //a[@title='Contact Us']]<br>
2022-01-01 09:01:424 INFO  ContactPage :43 - verifying Customer Service Page text : CUSTOMER SERVICE - CONTACT US<br>
